
Username: MMF_2_6

Dropping user
old:DROP USER &USERNAME CASCADE
new:DROP USER MMF_2_6 CASCADE

User MMF_2_6 dropped.

Elapsed: 00:00:03.653
Elapsed: 00:00:03.659

Dropping tablespace
old:DECLARE
    d_sql VARCHAR2(4000);
	i_sql VARCHAR2(4000);
    d_tbs_name VARCHAR2(500) := '&&USER_NAME'||'_DATA';
	i_tbs_name VARCHAR2(500) := '&&USER_NAME'||'_INDEX';
BEGIN
    DBMS_OUTPUT.PUT_LINE('Dropping data tablespace "'||d_tbs_name||'" and index "'||i_tbs_name||'"');
    d_sql:='DROP TABLESPACE '||d_tbs_name||' INCLUDING CONTENTS AND DATAFILES';
	i_sql:='DROP TABLESPACE '||i_tbs_name||' INCLUDING CONTENTS AND DATAFILES';
    EXECUTE IMMEDIATE d_sql;
    EXECUTE IMMEDIATE i_sql;
END;

new:DECLARE
    d_sql VARCHAR2(4000);
	i_sql VARCHAR2(4000);
    d_tbs_name VARCHAR2(500) := 'MMF_2_6'||'_DATA';
	i_tbs_name VARCHAR2(500) := 'MMF_2_6'||'_INDEX';
BEGIN
    DBMS_OUTPUT.PUT_LINE('Dropping data tablespace "'||d_tbs_name||'" and index "'||i_tbs_name||'"');
    d_sql:='DROP TABLESPACE '||d_tbs_name||' INCLUDING CONTENTS AND DATAFILES';
	i_sql:='DROP TABLESPACE '||i_tbs_name||' INCLUDING CONTENTS AND DATAFILES';
    EXECUTE IMMEDIATE d_sql;
    EXECUTE IMMEDIATE i_sql;
END;
Dropping data tablespace "MMF_2_6_DATA" and index "MMF_2_6_INDEX"


PL/SQL procedure successfully completed.

Elapsed: 00:00:13.789
Elapsed: 00:00:13.799

