Connected.
Username: MMF_2_6

Calling tables creating
old:CREATE TABLE PRODUCT ( 
  PRODUCT_ID NUMBER GENERATED ALWAYS AS IDENTITY INCREMENT BY 1 NOT NULL ,
  NAME VARCHAR(500) NOT NULL,
  PRICE NUMBER(10,5),
  ENERGY_VALUE NUMBER(10,5),
  WEIGHT NUMBER(10,5),
  SHELF_LIFE INT,  
  CONSTRAINT PK_PRODUCT PRIMARY KEY (PRODUCT_ID)
  USING INDEX (
      CREATE UNIQUE INDEX PRODUCT_PK ON PRODUCT (PRODUCT_ID ASC)
	  TABLESPACE &&TABLESPACE_INDEX
  )
)
TABLESPACE &&TABLESPACE_NAME
new:CREATE TABLE PRODUCT ( 
  PRODUCT_ID NUMBER GENERATED ALWAYS AS IDENTITY INCREMENT BY 1 NOT NULL ,
  NAME VARCHAR(500) NOT NULL,
  PRICE NUMBER(10,5),
  ENERGY_VALUE NUMBER(10,5),
  WEIGHT NUMBER(10,5),
  SHELF_LIFE INT,  
  CONSTRAINT PK_PRODUCT PRIMARY KEY (PRODUCT_ID)
  USING INDEX (
      CREATE UNIQUE INDEX PRODUCT_PK ON PRODUCT (PRODUCT_ID ASC)
	  TABLESPACE MMF_2_6_INDEX
  )
)
TABLESPACE MMF_2_6_DATA

Table PRODUCT created.

Elapsed: 00:00:00.239

Comment created.

Elapsed: 00:00:00.026

Comment created.

Elapsed: 00:00:00.023

Comment created.

Elapsed: 00:00:00.019

Comment created.

Elapsed: 00:00:00.024

Comment created.

Elapsed: 00:00:00.141

Comment created.

Elapsed: 00:00:00.057
Elapsed: 00:00:00.174
old:CREATE TABLE NUTRITIONS ( 
  ID NUMBER GENERATED ALWAYS AS IDENTITY INCREMENT BY 1 NOT NULL ,
  FATS NUMBER(10,5),
  PROTEINS NUMBER(10,5),
  CARBOHYDRATES NUMBER(10,5),
  COCOA NUMBER(10,5),
  PRODUCT_ID INT NOT NULL,
  CONSTRAINT PK_NUTRITIONS PRIMARY KEY (ID)
  USING INDEX (
      CREATE UNIQUE INDEX NUTRITIONS_PK ON NUTRITIONS (ID ASC)
	  TABLESPACE &&TABLESPACE_INDEX
  ),
  CONSTRAINT NUTRITIONS_FK
    FOREIGN KEY (PRODUCT_ID)
    REFERENCES PRODUCT(PRODUCT_ID)
)
TABLESPACE &&TABLESPACE_NAME
new:CREATE TABLE NUTRITIONS ( 
  ID NUMBER GENERATED ALWAYS AS IDENTITY INCREMENT BY 1 NOT NULL ,
  FATS NUMBER(10,5),
  PROTEINS NUMBER(10,5),
  CARBOHYDRATES NUMBER(10,5),
  COCOA NUMBER(10,5),
  PRODUCT_ID INT NOT NULL,
  CONSTRAINT PK_NUTRITIONS PRIMARY KEY (ID)
  USING INDEX (
      CREATE UNIQUE INDEX NUTRITIONS_PK ON NUTRITIONS (ID ASC)
	  TABLESPACE MMF_2_6_INDEX
  ),
  CONSTRAINT NUTRITIONS_FK
    FOREIGN KEY (PRODUCT_ID)
    REFERENCES PRODUCT(PRODUCT_ID)
)
TABLESPACE MMF_2_6_DATA

Table NUTRITIONS created.

Elapsed: 00:00:00.054

Index FK_NUTRITIONS_PRODUCT_ID created.

Elapsed: 00:00:00.065

Comment created.

Elapsed: 00:00:00.045

Comment created.

Elapsed: 00:00:00.024

Comment created.

Elapsed: 00:00:00.011

Comment created.

Elapsed: 00:00:00.028

Comment created.

Elapsed: 00:00:00.013

Comment created.

Elapsed: 00:00:00.020
Elapsed: 00:00:00.067
old:CREATE TABLE INGREDIENTS ( 
  PRODUCT_ID NUMBER NOT NULL,
  NAME VARCHAR(500) NOT NULL,
  WEIGHT NUMBER(10,5) NOT NULL,
  CONSTRAINT PK_INGREDIENT PRIMARY KEY (PRODUCT_ID, NAME)
  USING INDEX (
      CREATE UNIQUE INDEX INGREDIENT_PK ON INGREDIENTS (PRODUCT_ID ASC, NAME)
	  TABLESPACE &&TABLESPACE_INDEX
  )
)
TABLESPACE &&TABLESPACE_NAME
new:CREATE TABLE INGREDIENTS ( 
  PRODUCT_ID NUMBER NOT NULL,
  NAME VARCHAR(500) NOT NULL,
  WEIGHT NUMBER(10,5) NOT NULL,
  CONSTRAINT PK_INGREDIENT PRIMARY KEY (PRODUCT_ID, NAME)
  USING INDEX (
      CREATE UNIQUE INDEX INGREDIENT_PK ON INGREDIENTS (PRODUCT_ID ASC, NAME)
	  TABLESPACE MMF_2_6_INDEX
  )
)
TABLESPACE MMF_2_6_DATA

Table INGREDIENTS created.

Elapsed: 00:00:00.051
old:CREATE INDEX PK_COMPOSE_ID ON INGREDIENTS(PRODUCT_ID ASC) TABLESPACE &&TABLESPACE_INDEX
new:CREATE INDEX PK_COMPOSE_ID ON INGREDIENTS(PRODUCT_ID ASC) TABLESPACE MMF_2_6_INDEX

Index PK_COMPOSE_ID created.

Elapsed: 00:00:00.037
old:CREATE INDEX PK_COMPOSE_NAME ON INGREDIENTS(NAME ASC) TABLESPACE &&TABLESPACE_INDEX
new:CREATE INDEX PK_COMPOSE_NAME ON INGREDIENTS(NAME ASC) TABLESPACE MMF_2_6_INDEX

Index PK_COMPOSE_NAME created.

Elapsed: 00:00:00.041

Comment created.

Elapsed: 00:00:00.021

Comment created.

Elapsed: 00:00:00.020

Comment created.

Elapsed: 00:00:00.010
Elapsed: 00:00:00.048
old:CREATE TABLE BOX ( 
  BOX_ID NUMBER GENERATED ALWAYS AS IDENTITY INCREMENT BY 1 NOT NULL ,
  WEIGHT NUMBER(10,5) NOT NULL,
  TYPE VARCHAR(500) NOT NULL,
  PRICE NUMBER(10,5),
  COUNT INT NOT NULL,
  PRODUCT_ID INT NOT NULL,
  CONSTRAINT PK_BOX PRIMARY KEY (BOX_ID)
  USING INDEX (
      CREATE UNIQUE INDEX BOX_PK ON BOX (BOX_ID ASC)
	  TABLESPACE &&TABLESPACE_INDEX
  ),
  CONSTRAINT BOX_FK
    FOREIGN KEY (PRODUCT_ID)
    REFERENCES PRODUCT(PRODUCT_ID)
)
TABLESPACE &&TABLESPACE_NAME
new:CREATE TABLE BOX ( 
  BOX_ID NUMBER GENERATED ALWAYS AS IDENTITY INCREMENT BY 1 NOT NULL ,
  WEIGHT NUMBER(10,5) NOT NULL,
  TYPE VARCHAR(500) NOT NULL,
  PRICE NUMBER(10,5),
  COUNT INT NOT NULL,
  PRODUCT_ID INT NOT NULL,
  CONSTRAINT PK_BOX PRIMARY KEY (BOX_ID)
  USING INDEX (
      CREATE UNIQUE INDEX BOX_PK ON BOX (BOX_ID ASC)
	  TABLESPACE MMF_2_6_INDEX
  ),
  CONSTRAINT BOX_FK
    FOREIGN KEY (PRODUCT_ID)
    REFERENCES PRODUCT(PRODUCT_ID)
)
TABLESPACE MMF_2_6_DATA

Table BOX created.

Elapsed: 00:00:00.060

Index FK_BOX_PRODUCT_ID created.

Elapsed: 00:00:00.028

Comment created.

Elapsed: 00:00:00.015

Comment created.

Elapsed: 00:00:00.016

Comment created.

Elapsed: 00:00:00.014

Comment created.

Elapsed: 00:00:00.013

Comment created.

Elapsed: 00:00:00.028

Comment created.

Elapsed: 00:00:00.032
Elapsed: 00:00:00.056
old:CREATE TABLE STORAGE ( 
  STORAGE_ID  NUMBER GENERATED ALWAYS AS IDENTITY INCREMENT BY 1 NOT NULL,
  BOX_ID INT NOT NULL,
  CELL_ID INT NOT NULL,
  CONSTRAINT PK_STORAGE PRIMARY KEY (STORAGE_ID, CELL_ID)
  USING INDEX (
      CREATE UNIQUE INDEX STORAGE_PK ON STORAGE (STORAGE_ID ASC, CELL_ID)
	  TABLESPACE &&TABLESPACE_INDEX
  ),
  CONSTRAINT STORAGE_FK
    FOREIGN KEY (BOX_ID)
    REFERENCES BOX(BOX_ID)
)

TABLESPACE &&TABLESPACE_NAME
new:CREATE TABLE STORAGE ( 
  STORAGE_ID  NUMBER GENERATED ALWAYS AS IDENTITY INCREMENT BY 1 NOT NULL,
  BOX_ID INT NOT NULL,
  CELL_ID INT NOT NULL,
  CONSTRAINT PK_STORAGE PRIMARY KEY (STORAGE_ID, CELL_ID)
  USING INDEX (
      CREATE UNIQUE INDEX STORAGE_PK ON STORAGE (STORAGE_ID ASC, CELL_ID)
	  TABLESPACE MMF_2_6_INDEX
  ),
  CONSTRAINT STORAGE_FK
    FOREIGN KEY (BOX_ID)
    REFERENCES BOX(BOX_ID)
)

TABLESPACE MMF_2_6_DATA

Table STORAGE created.

Elapsed: 00:00:00.069
old:CREATE INDEX FK_STORAGE_BOX ON STORAGE(BOX_ID ASC) TABLESPACE &&TABLESPACE_INDEX
new:CREATE INDEX FK_STORAGE_BOX ON STORAGE(BOX_ID ASC) TABLESPACE MMF_2_6_INDEX

Index FK_STORAGE_BOX created.

Elapsed: 00:00:00.032

Comment created.

Elapsed: 00:00:00.023

Comment created.

Elapsed: 00:00:00.024

Comment created.

Elapsed: 00:00:00.013
Elapsed: 00:00:00.044
old:CREATE TABLE TRANSPORT ( 
  TRANSPORT_ID NUMBER GENERATED ALWAYS AS IDENTITY INCREMENT BY 1 NOT NULL ,
  TYPE VARCHAR(500) NOT NULL,
  CONSTRAINT PK_TRANSPORT PRIMARY KEY (TRANSPORT_ID)
  USING INDEX (
      CREATE UNIQUE INDEX TRANSPORT_PK ON TRANSPORT (TRANSPORT_ID ASC)
	  TABLESPACE &&TABLESPACE_INDEX
  )
)
TABLESPACE &&TABLESPACE_NAME
new:CREATE TABLE TRANSPORT ( 
  TRANSPORT_ID NUMBER GENERATED ALWAYS AS IDENTITY INCREMENT BY 1 NOT NULL ,
  TYPE VARCHAR(500) NOT NULL,
  CONSTRAINT PK_TRANSPORT PRIMARY KEY (TRANSPORT_ID)
  USING INDEX (
      CREATE UNIQUE INDEX TRANSPORT_PK ON TRANSPORT (TRANSPORT_ID ASC)
	  TABLESPACE MMF_2_6_INDEX
  )
)
TABLESPACE MMF_2_6_DATA

Table TRANSPORT created.

Elapsed: 00:00:00.043

Comment created.

Elapsed: 00:00:00.017

Comment created.

Elapsed: 00:00:00.018
Elapsed: 00:00:00.043
old:CREATE TABLE CUSTOMER ( 
  CUSTOMER_ID NUMBER GENERATED ALWAYS AS IDENTITY INCREMENT BY 1 NOT NULL ,
  NAME VARCHAR(500) NOT NULL,
  ADDRESS VARCHAR(500) NOT NULL,
  CONSTRAINT PK_CUSTOMER PRIMARY KEY (CUSTOMER_ID)
  USING INDEX (
      CREATE UNIQUE INDEX CUSTOMER_PK ON CUSTOMER (CUSTOMER_ID ASC)
	  TABLESPACE &&TABLESPACE_INDEX
  )
)
TABLESPACE &&TABLESPACE_NAME
new:CREATE TABLE CUSTOMER ( 
  CUSTOMER_ID NUMBER GENERATED ALWAYS AS IDENTITY INCREMENT BY 1 NOT NULL ,
  NAME VARCHAR(500) NOT NULL,
  ADDRESS VARCHAR(500) NOT NULL,
  CONSTRAINT PK_CUSTOMER PRIMARY KEY (CUSTOMER_ID)
  USING INDEX (
      CREATE UNIQUE INDEX CUSTOMER_PK ON CUSTOMER (CUSTOMER_ID ASC)
	  TABLESPACE MMF_2_6_INDEX
  )
)
TABLESPACE MMF_2_6_DATA

Table CUSTOMER created.

Elapsed: 00:00:00.094

Comment created.

Elapsed: 00:00:00.016

Comment created.

Elapsed: 00:00:00.015

Comment created.

Elapsed: 00:00:00.028
Elapsed: 00:00:00.047
old:CREATE TABLE BATCH ( 
  BATCH_ID NUMBER GENERATED ALWAYS AS IDENTITY INCREMENT BY 1 NOT NULL,
  CUSTOMER_ID INT NOT NULL,
  TRANSPORT_ID INT NOT NULL,
  STATUS VARCHAR(500) NOT NULL,
  CONSTRAINT PK_BATCH PRIMARY KEY (BATCH_ID)
  USING INDEX (
      CREATE UNIQUE INDEX BATCH_PK ON BATCH (BATCH_ID ASC)
	  TABLESPACE &&TABLESPACE_INDEX
  ),
  CONSTRAINT BATCH_FK1
    FOREIGN KEY (CUSTOMER_ID)
    REFERENCES CUSTOMER(CUSTOMER_ID),
  CONSTRAINT BATCH_FK2
    FOREIGN KEY (TRANSPORT_ID)
    REFERENCES TRANSPORT(TRANSPORT_ID)
)

TABLESPACE &&TABLESPACE_NAME
new:CREATE TABLE BATCH ( 
  BATCH_ID NUMBER GENERATED ALWAYS AS IDENTITY INCREMENT BY 1 NOT NULL,
  CUSTOMER_ID INT NOT NULL,
  TRANSPORT_ID INT NOT NULL,
  STATUS VARCHAR(500) NOT NULL,
  CONSTRAINT PK_BATCH PRIMARY KEY (BATCH_ID)
  USING INDEX (
      CREATE UNIQUE INDEX BATCH_PK ON BATCH (BATCH_ID ASC)
	  TABLESPACE MMF_2_6_INDEX
  ),
  CONSTRAINT BATCH_FK1
    FOREIGN KEY (CUSTOMER_ID)
    REFERENCES CUSTOMER(CUSTOMER_ID),
  CONSTRAINT BATCH_FK2
    FOREIGN KEY (TRANSPORT_ID)
    REFERENCES TRANSPORT(TRANSPORT_ID)
)

TABLESPACE MMF_2_6_DATA

Table BATCH created.

Elapsed: 00:00:00.064
old:CREATE INDEX FK_BATCH_CUSTOMER ON BATCH(CUSTOMER_ID ASC) TABLESPACE &&TABLESPACE_INDEX
new:CREATE INDEX FK_BATCH_CUSTOMER ON BATCH(CUSTOMER_ID ASC) TABLESPACE MMF_2_6_INDEX

Index FK_BATCH_CUSTOMER created.

Elapsed: 00:00:00.034
old:CREATE INDEX FK_BATCH_TRANSPORT ON BATCH(TRANSPORT_ID ASC) TABLESPACE &&TABLESPACE_INDEX
new:CREATE INDEX FK_BATCH_TRANSPORT ON BATCH(TRANSPORT_ID ASC) TABLESPACE MMF_2_6_INDEX

Index FK_BATCH_TRANSPORT created.

Elapsed: 00:00:00.084

Comment created.

Elapsed: 00:00:00.062

Comment created.

Elapsed: 00:00:00.027

Comment created.

Elapsed: 00:00:00.024

Comment created.

Elapsed: 00:00:00.015
Elapsed: 00:00:00.032
old:CREATE TABLE BATCH_INFO ( 
  BATCH_ID NUMBER NOT NULL,
  BOX_ID INT NOT NULL,
  CONSTRAINT PK_BATCH_INFO PRIMARY KEY (BATCH_ID, BOX_ID)
  USING INDEX (
      CREATE UNIQUE INDEX BATCH_INFO_PK ON BATCH_INFO (BATCH_ID ASC, BOX_ID)
	  TABLESPACE &&TABLESPACE_INDEX
  ),
  CONSTRAINT BATCH_INFO_FK1
    FOREIGN KEY (BATCH_ID)
    REFERENCES BATCH(BATCH_ID),
  CONSTRAINT BATCH_INFO_FK2
    FOREIGN KEY (BOX_ID)
    REFERENCES BOX(BOX_ID)
)

TABLESPACE &&TABLESPACE_NAME
new:CREATE TABLE BATCH_INFO ( 
  BATCH_ID NUMBER NOT NULL,
  BOX_ID INT NOT NULL,
  CONSTRAINT PK_BATCH_INFO PRIMARY KEY (BATCH_ID, BOX_ID)
  USING INDEX (
      CREATE UNIQUE INDEX BATCH_INFO_PK ON BATCH_INFO (BATCH_ID ASC, BOX_ID)
	  TABLESPACE MMF_2_6_INDEX
  ),
  CONSTRAINT BATCH_INFO_FK1
    FOREIGN KEY (BATCH_ID)
    REFERENCES BATCH(BATCH_ID),
  CONSTRAINT BATCH_INFO_FK2
    FOREIGN KEY (BOX_ID)
    REFERENCES BOX(BOX_ID)
)

TABLESPACE MMF_2_6_DATA

Table BATCH_INFO created.

Elapsed: 00:00:00.066
old:CREATE INDEX FK_BATCH_INFO_BATCH ON BATCH_INFO(BATCH_ID ASC) TABLESPACE &&TABLESPACE_INDEX
new:CREATE INDEX FK_BATCH_INFO_BATCH ON BATCH_INFO(BATCH_ID ASC) TABLESPACE MMF_2_6_INDEX

Index FK_BATCH_INFO_BATCH created.

Elapsed: 00:00:00.065
old:CREATE INDEX FK_BATCH_INFO_BOX ON BATCH_INFO(BOX_ID ASC) TABLESPACE &&TABLESPACE_INDEX
new:CREATE INDEX FK_BATCH_INFO_BOX ON BATCH_INFO(BOX_ID ASC) TABLESPACE MMF_2_6_INDEX

Index FK_BATCH_INFO_BOX created.

Elapsed: 00:00:00.030

Comment created.

Elapsed: 00:00:00.012

Comment created.

Elapsed: 00:00:00.013
Elapsed: 00:00:00.021

Create raw data table
old:CREATE TABLE RAW_DATA ( 
  BATCH_NUMBER NUMBER NOT NULL,
  BATCH_STATUS VARCHAR(500),
  CUSTOMER_NAME VARCHAR(500),
  ADDRESS VARCHAR(500),
  TRANSPORT VARCHAR(500),
  BOX_WEIGHT NUMBER(10,5),
  BOX_TYPE VARCHAR(500),
  BOX_PRICE NUMBER(10,5),
  BOX_COUNT NUMBER,
  PRODUCT_NAME VARCHAR(500),
  PRODUCT_PRICE NUMBER(10,5),
  PRODUCT_WEIGHT NUMBER(10,5),
  SHELF_LIFE NUMBER,
  FOOD_ENERGY NUMBER(10,5),
  PROTEIN NUMBER(10,5),
  FATS NUMBER(10,5),
  CARBONOHYDRATES NUMBER(10,5),
  COCOA NUMBER(10,5)
)
TABLESPACE &&TABLESPACE_NAME
new:CREATE TABLE RAW_DATA ( 
  BATCH_NUMBER NUMBER NOT NULL,
  BATCH_STATUS VARCHAR(500),
  CUSTOMER_NAME VARCHAR(500),
  ADDRESS VARCHAR(500),
  TRANSPORT VARCHAR(500),
  BOX_WEIGHT NUMBER(10,5),
  BOX_TYPE VARCHAR(500),
  BOX_PRICE NUMBER(10,5),
  BOX_COUNT NUMBER,
  PRODUCT_NAME VARCHAR(500),
  PRODUCT_PRICE NUMBER(10,5),
  PRODUCT_WEIGHT NUMBER(10,5),
  SHELF_LIFE NUMBER,
  FOOD_ENERGY NUMBER(10,5),
  PROTEIN NUMBER(10,5),
  FATS NUMBER(10,5),
  CARBONOHYDRATES NUMBER(10,5),
  COCOA NUMBER(10,5)
)
TABLESPACE MMF_2_6_DATA

Table RAW_DATA created.

Elapsed: 00:00:00.029

1 row inserted.

Elapsed: 00:00:00.193

1 row inserted.

Elapsed: 00:00:00.128

1 row inserted.

Elapsed: 00:00:00.007

1 row inserted.

Elapsed: 00:00:00.006

1 row inserted.

Elapsed: 00:00:00.005

1 row inserted.

Elapsed: 00:00:00.007

1 row inserted.

Elapsed: 00:00:00.011

1 row inserted.

Elapsed: 00:00:00.006

1 row inserted.

Elapsed: 00:00:00.013

1 row inserted.

Elapsed: 00:00:00.017

1 row inserted.

Elapsed: 00:00:00.012

1 row inserted.

Elapsed: 00:00:00.005

1 row inserted.

Elapsed: 00:00:00.019

1 row inserted.

Elapsed: 00:00:00.015

1 row inserted.

Elapsed: 00:00:00.005

1 row inserted.

Elapsed: 00:00:00.012

1 row inserted.

Elapsed: 00:00:00.016

1 row inserted.

Elapsed: 00:00:00.007

1 row inserted.

Elapsed: 00:00:00.011

1 row inserted.

Elapsed: 00:00:00.008

1 row inserted.

Elapsed: 00:00:00.004

1 row inserted.

Elapsed: 00:00:00.007

1 row inserted.

Elapsed: 00:00:00.006

1 row inserted.

Elapsed: 00:00:00.009

1 row inserted.

Elapsed: 00:00:00.029

1 row inserted.

Elapsed: 00:00:00.007

1 row inserted.

Elapsed: 00:00:00.017

1 row inserted.

Elapsed: 00:00:00.011

1 row inserted.

Elapsed: 00:00:00.006

1 row inserted.

Elapsed: 00:00:00.011

1 row inserted.

Elapsed: 00:00:00.010

1 row inserted.

Elapsed: 00:00:00.004

1 row inserted.

Elapsed: 00:00:00.022

1 row inserted.

Elapsed: 00:00:00.006

1 row inserted.

Elapsed: 00:00:00.012
Elapsed: 00:00:00.031

Delete old data in tables

0 rows deleted.

Elapsed: 00:00:00.054

0 rows deleted.

Elapsed: 00:00:00.030

0 rows deleted.

Elapsed: 00:00:00.018

0 rows deleted.

Elapsed: 00:00:00.029

0 rows deleted.

Elapsed: 00:00:00.024

0 rows deleted.

Elapsed: 00:00:00.033

0 rows deleted.

Elapsed: 00:00:00.020

0 rows deleted.

Elapsed: 00:00:00.018

0 rows deleted.

Elapsed: 00:00:00.022
Elapsed: 00:00:00.038

Insert data in tables from raw data

10 rows inserted.

Elapsed: 00:00:00.203

10 rows inserted.

Elapsed: 00:00:00.282

26 rows inserted.

Elapsed: 00:00:00.089

2 rows inserted.

Elapsed: 00:00:00.057

4 rows inserted.

Elapsed: 00:00:00.048

4 rows inserted.

Elapsed: 00:00:00.139

35 rows inserted.

Elapsed: 00:00:00.104
Elapsed: 00:00:00.110

Create data view of tables

View DOLCE_VITA created.

Elapsed: 00:00:00.053
Elapsed: 00:00:00.065

Count data in tables

TABLES                                                                  
------------------------------------------------------------------------
PRODUCT - number of values: 10
BOX - number of values: 26
TRANSPORT - number of values: 2
BATCH - number of values: 4
BATCH_INFO - number of values: 35
CUSTOMER - number of values: 4

6 rows selected. 

Elapsed: 00:00:00.371
Elapsed: 00:00:00.380

